<?xml version="1.0" encoding="UTF-8"?>
<testng-results skipped="0" failed="0" ignored="0" total="1" passed="1">
  <reporter-output>
  </reporter-output>
  <suite name="Suite" duration-ms="18883" started-at="2019-06-03T05:53:01Z" finished-at="2019-06-03T05:53:20Z">
    <groups>
    </groups>
    <test name="Test1" duration-ms="18883" started-at="2019-06-03T05:53:01Z" finished-at="2019-06-03T05:53:20Z">
      <class name="com.firstproject.testCases.LoginPageTestCase">
        <test-method status="PASS" signature="setUp(java.lang.String)[pri:0, instance:com.firstproject.testCases.LoginPageTestCase@457e2f02]" name="setUp" is-config="true" duration-ms="15911" started-at="2019-06-03T11:23:01Z" finished-at="2019-06-03T11:23:17Z">
          <params>
            <param index="0">
              <value>
                <![CDATA[chrome]]>
              </value>
            </param>
          </params>
          <reporter-output>
          </reporter-output>
        </test-method> <!-- setUp -->
        <test-method status="PASS" signature="LoginTC()[pri:0, instance:com.firstproject.testCases.LoginPageTestCase@457e2f02]" name="LoginTC" duration-ms="2090" started-at="2019-06-03T11:23:17Z" finished-at="2019-06-03T11:23:19Z">
          <reporter-output>
          </reporter-output>
        </test-method> <!-- LoginTC -->
        <test-method status="PASS" signature="tearDown()[pri:0, instance:com.firstproject.testCases.LoginPageTestCase@457e2f02]" name="tearDown" is-config="true" duration-ms="856" started-at="2019-06-03T11:23:19Z" finished-at="2019-06-03T11:23:20Z">
          <reporter-output>
          </reporter-output>
        </test-method> <!-- tearDown -->
      </class> <!-- com.firstproject.testCases.LoginPageTestCase -->
    </test> <!-- Test1 -->
  </suite> <!-- Suite -->
</testng-results>
